android/app/build/intermediates/manifest_merge_blame_file/release/manifest-merger-blame-release-report.txt
1<?xml version="1.0" encoding="utf-8"?>
2<manifest xmlns:android="http://schemas.android.com/apk/res/android"
3    package="com.quarterpillars"
4    android:versionCode="1"
5    android:versionName="1.0" >
6
7    <uses-sdk
8        android:minSdkVersion="21"
8-->src/main/AndroidManifest.xml
9        android:targetSdkVersion="33" />
9-->src/main/AndroidManifest.xml
10
11    <queries>
11-->src/main/AndroidManifest.xml:4:1-11:11
12        <package android:name="com.google.android.apps.nbu.paisa.user" />
12-->src/main/AndroidManifest.xml:5:3-68
12-->src/main/AndroidManifest.xml:5:12-65
13        <package android:name="net.one97.paytm" />
13-->src/main/AndroidManifest.xml:6:3-45
13-->src/main/AndroidManifest.xml:6:12-42
14        <package android:name="com.phonepe.app" />
14-->src/main/AndroidManifest.xml:7:3-45
14-->src/main/AndroidManifest.xml:7:12-42
15        <package android:name="in.org.npci.upiapp" />
15-->src/main/AndroidManifest.xml:8:3-48
15-->src/main/AndroidManifest.xml:8:12-45
16        <package android:name="in.amazon.mShop.android.shopping" />
16-->src/main/AndroidManifest.xml:9:3-62
16-->src/main/AndroidManifest.xml:9:12-59
17        <package android:name="com.whatsapp" />
17-->src/main/AndroidManifest.xml:10:3-42
17-->src/main/AndroidManifest.xml:10:12-39
18
19        <intent>
19-->[:react-native-image-crop-picker] AndroidManifest.xml:10:9-12:18
20            <action android:name="android.media.action.IMAGE_CAPTURE" />
20-->[:react-native-image-crop-picker] AndroidManifest.xml:11:13-73
20-->[:react-native-image-crop-picker] AndroidManifest.xml:11:21-70
21        </intent>
22    </queries>
23
24    <uses-permission android:name="android.permission.INTERNET" />
24-->src/main/AndroidManifest.xml:13:5-67
24-->src/main/AndroidManifest.xml:13:22-64
25    <uses-permission android:name="android.permission.READ_EXTERNAL_STORAGE" />
25-->src/main/AndroidManifest.xml:14:5-80
25-->src/main/AndroidManifest.xml:14:22-77
26    <uses-permission android:name="android.permission.WRITE_EXTERNAL_STORAGE" />
26-->src/main/AndroidManifest.xml:15:5-81
26-->src/main/AndroidManifest.xml:15:22-78
27    <uses-permission android:name="android.permission.MANAGE_EXTERNAL_STORAGE" />
27-->src/main/AndroidManifest.xml:16:5-82
27-->src/main/AndroidManifest.xml:16:22-79
28    <uses-permission android:name="android.permission.CAMERA" />
28-->src/main/AndroidManifest.xml:17:5-64
28-->src/main/AndroidManifest.xml:17:22-62
29    <uses-permission android:name="android.permission.RECORD_AUDIO" />
29-->src/main/AndroidManifest.xml:18:5-70
29-->src/main/AndroidManifest.xml:18:22-68
30
31    <uses-feature
31-->src/main/AndroidManifest.xml:19:5-85
32        android:name="android.hardware.camera"
32-->src/main/AndroidManifest.xml:19:19-57
33        android:required="false" />
33-->src/main/AndroidManifest.xml:19:58-82
34    <uses-feature
34-->src/main/AndroidManifest.xml:20:1-87
35        android:name="android.hardware.camera.front"
35-->src/main/AndroidManifest.xml:20:15-59
36        android:required="false" />
36-->src/main/AndroidManifest.xml:20:60-84
37
38    <uses-permission android:name="android.permission.ACCESS_NETWORK_STATE" />
38-->[:peb-lib-android-x:] AndroidManifest.xml:14:5-79
38-->[:peb-lib-android-x:] AndroidManifest.xml:14:22-76
39    <uses-permission android:name="android.permission.WAKE_LOCK" /> <!-- Required to access Google Play Licensing -->
39-->[:react-native-firebase_dynamic-links] AndroidManifest.xml:10:5-68
39-->[:react-native-firebase_dynamic-links] AndroidManifest.xml:10:22-65
40    <uses-permission android:name="com.android.vending.CHECK_LICENSE" /> <!-- Required to check whether Wi-Fi is enabled -->
40-->[:rn-fetch-blob] AndroidManifest.xml:10:5-73
40-->[:rn-fetch-blob] AndroidManifest.xml:10:22-70
41    <uses-permission android:name="android.permission.ACCESS_WIFI_STATE" />
41-->[:rn-fetch-blob] AndroidManifest.xml:28:5-76
41-->[:rn-fetch-blob] AndroidManifest.xml:28:22-73
42    <uses-permission android:name="android.permission.POST_NOTIFICATIONS" /> <!-- Required by older versions of Google Play services to create IID tokens -->
42-->[com.google.firebase:firebase-messaging:23.1.0] AndroidManifest.xml:25:5-77
42-->[com.google.firebase:firebase-messaging:23.1.0] AndroidManifest.xml:25:22-74
43    <uses-permission android:name="com.google.android.c2dm.permission.RECEIVE" />
43-->[com.google.firebase:firebase-messaging:23.1.0] AndroidManifest.xml:28:5-82
43-->[com.google.firebase:firebase-messaging:23.1.0] AndroidManifest.xml:28:22-79
44    <uses-permission android:name="com.google.android.gms.permission.AD_ID" />
44-->[com.google.android.gms:play-services-measurement-api:21.2.0] AndroidManifest.xml:25:5-79
44-->[com.google.android.gms:play-services-measurement-api:21.2.0] AndroidManifest.xml:25:22-76
45    <uses-permission android:name="com.google.android.finsky.permission.BIND_GET_INSTALL_REFERRER_SERVICE" />
45-->[com.google.android.gms:play-services-measurement:21.2.0] AndroidManifest.xml:26:5-110
45-->[com.google.android.gms:play-services-measurement:21.2.0] AndroidManifest.xml:26:22-107
46    <uses-permission android:name="android.permission.RECEIVE_BOOT_COMPLETED" />
46-->[androidx.work:work-runtime:2.7.1] AndroidManifest.xml:27:5-81
46-->[androidx.work:work-runtime:2.7.1] AndroidManifest.xml:27:22-78
47    <uses-permission android:name="android.permission.FOREGROUND_SERVICE" />
47-->[androidx.work:work-runtime:2.7.1] AndroidManifest.xml:28:5-77
47-->[androidx.work:work-runtime:2.7.1] AndroidManifest.xml:28:22-74
48    <uses-permission android:name="android.permission.VIBRATE" />
48-->[app.notifee:core:202108261754] AndroidManifest.xml:13:5-66
48-->[app.notifee:core:202108261754] AndroidManifest.xml:13:22-63
49    <uses-permission android:name="android.permission.USE_FULL_SCREEN_INTENT" />
49-->[app.notifee:core:202108261754] AndroidManifest.xml:16:5-81
49-->[app.notifee:core:202108261754] AndroidManifest.xml:16:22-78
50    <uses-permission android:name="android.permission.SCHEDULE_EXACT_ALARM" />
50-->[app.notifee:core:202108261754] AndroidManifest.xml:17:5-79
50-->[app.notifee:core:202108261754] AndroidManifest.xml:17:22-76
51    <uses-permission
51-->[app.notifee:core:202108261754] AndroidManifest.xml:18:5-20:38
52        android:name="android.permission.BROADCAST_CLOSE_SYSTEM_DIALOGS"
52-->[app.notifee:core:202108261754] AndroidManifest.xml:19:9-73
53        android:maxSdkVersion="30" /> <!-- For Xiaomi devices to enable heads-up notifications as default (https://github.com/invertase/notifee/issues/296) -->
53-->[app.notifee:core:202108261754] AndroidManifest.xml:20:9-35
54    <uses-permission
54-->[app.notifee:core:202108261754] AndroidManifest.xml:22:5-24:38
55        android:name="android.permission.ACCESS_NOTIFICATION_POLICY"
55-->[app.notifee:core:202108261754] AndroidManifest.xml:23:9-69
56        android:minSdkVersion="23" /> <!-- for android -->
56-->[app.notifee:core:202108261754] AndroidManifest.xml:24:9-35
57    <!-- <uses-permission android:name="com.android.launcher.permission.READ_SETTINGS"/> -->
58    <!-- <uses-permission android:name="com.android.launcher.permission.WRITE_SETTINGS"/> -->
59    <!-- <uses-permission android:name="com.android.launcher.permission.INSTALL_SHORTCUT" /> -->
60    <!-- <uses-permission android:name="com.android.launcher.permission.UNINSTALL_SHORTCUT" /> -->
61    <!-- for Samsung -->
62    <uses-permission android:name="com.sec.android.provider.badge.permission.READ" />
62-->[me.leolin:ShortcutBadger:1.1.22] AndroidManifest.xml:19:5-86
62-->[me.leolin:ShortcutBadger:1.1.22] AndroidManifest.xml:19:22-83
63    <uses-permission android:name="com.sec.android.provider.badge.permission.WRITE" /> <!-- for htc -->
63-->[me.leolin:ShortcutBadger:1.1.22] AndroidManifest.xml:20:5-87
63-->[me.leolin:ShortcutBadger:1.1.22] AndroidManifest.xml:20:22-84
64    <uses-permission android:name="com.htc.launcher.permission.READ_SETTINGS" />
64-->[me.leolin:ShortcutBadger:1.1.22] AndroidManifest.xml:23:5-81
64-->[me.leolin:ShortcutBadger:1.1.22] AndroidManifest.xml:23:22-78
65    <uses-permission android:name="com.htc.launcher.permission.UPDATE_SHORTCUT" /> <!-- for sony -->
65-->[me.leolin:ShortcutBadger:1.1.22] AndroidManifest.xml:24:5-83
65-->[me.leolin:ShortcutBadger:1.1.22] AndroidManifest.xml:24:22-80
66    <uses-permission android:name="com.sonyericsson.home.permission.BROADCAST_BADGE" />
66-->[me.leolin:ShortcutBadger:1.1.22] AndroidManifest.xml:27:5-88
66-->[me.leolin:ShortcutBadger:1.1.22] AndroidManifest.xml:27:22-85
67    <uses-permission android:name="com.sonymobile.home.permission.PROVIDER_INSERT_BADGE" /> <!-- for apex -->
67-->[me.leolin:ShortcutBadger:1.1.22] AndroidManifest.xml:28:5-92
67-->[me.leolin:ShortcutBadger:1.1.22] AndroidManifest.xml:28:22-89
68    <uses-permission android:name="com.anddoes.launcher.permission.UPDATE_COUNT" /> <!-- for solid -->
68-->[me.leolin:ShortcutBadger:1.1.22] AndroidManifest.xml:31:5-84
68-->[me.leolin:ShortcutBadger:1.1.22] AndroidManifest.xml:31:22-81
69    <uses-permission android:name="com.majeur.launcher.permission.UPDATE_BADGE" /> <!-- for huawei -->
69-->[me.leolin:ShortcutBadger:1.1.22] AndroidManifest.xml:34:5-83
69-->[me.leolin:ShortcutBadger:1.1.22] AndroidManifest.xml:34:22-80
70    <uses-permission android:name="com.huawei.android.launcher.permission.CHANGE_BADGE" />
70-->[me.leolin:ShortcutBadger:1.1.22] AndroidManifest.xml:37:5-91
70-->[me.leolin:ShortcutBadger:1.1.22] AndroidManifest.xml:37:22-88
71    <uses-permission android:name="com.huawei.android.launcher.permission.READ_SETTINGS" />
71-->[me.leolin:ShortcutBadger:1.1.22] AndroidManifest.xml:38:5-92
71-->[me.leolin:ShortcutBadger:1.1.22] AndroidManifest.xml:38:22-89
72    <uses-permission android:name="com.huawei.android.launcher.permission.WRITE_SETTINGS" /> <!-- for ZUK -->
72-->[me.leolin:ShortcutBadger:1.1.22] AndroidManifest.xml:39:5-93
72-->[me.leolin:ShortcutBadger:1.1.22] AndroidManifest.xml:39:22-90
73    <uses-permission android:name="android.permission.READ_APP_BADGE" /> <!-- for OPPO -->
73-->[me.leolin:ShortcutBadger:1.1.22] AndroidManifest.xml:42:5-73
73-->[me.leolin:ShortcutBadger:1.1.22] AndroidManifest.xml:42:22-70
74    <uses-permission android:name="com.oppo.launcher.permission.READ_SETTINGS" />
74-->[me.leolin:ShortcutBadger:1.1.22] AndroidManifest.xml:45:5-82
74-->[me.leolin:ShortcutBadger:1.1.22] AndroidManifest.xml:45:22-79
75    <uses-permission android:name="com.oppo.launcher.permission.WRITE_SETTINGS" /> <!-- for EvMe -->
75-->[me.leolin:ShortcutBadger:1.1.22] AndroidManifest.xml:46:5-83
75-->[me.leolin:ShortcutBadger:1.1.22] AndroidManifest.xml:46:22-80
76    <uses-permission android:name="me.everything.badger.permission.BADGE_COUNT_READ" />
76-->[me.leolin:ShortcutBadger:1.1.22] AndroidManifest.xml:49:5-88
76-->[me.leolin:ShortcutBadger:1.1.22] AndroidManifest.xml:49:22-85
77    <uses-permission android:name="me.everything.badger.permission.BADGE_COUNT_WRITE" />
77-->[me.leolin:ShortcutBadger:1.1.22] AndroidManifest.xml:50:5-89
77-->[me.leolin:ShortcutBadger:1.1.22] AndroidManifest.xml:50:22-86
78    <!--
79 <provider
80    android:name="com.facebook.react.modules.blob.BlobProvider"
81    android:authorities="@string/blob_provider_authority"
82    android:exported="false"
83  />
84    -->
85    <application
85-->src/main/AndroidManifest.xml:26:5-52:19
86        android:name="com.quarterpillars.MainApplication"
86-->src/main/AndroidManifest.xml:28:7-38
87        android:allowBackup="true"
87-->src/main/AndroidManifest.xml:33:7-33
88        android:appComponentFactory="androidx.core.app.CoreComponentFactory"
88-->[androidx.core:core:1.6.0] AndroidManifest.xml:24:18-86
89        android:hardwareAccelerated="true"
89-->[:peb-lib-android-x:] AndroidManifest.xml:18:9-43
90        android:icon="@mipmap/ic_launcher"
90-->src/main/AndroidManifest.xml:31:7-41
91        android:label="@string/app_name"
91-->src/main/AndroidManifest.xml:30:7-39
92        android:roundIcon="@mipmap/ic_launcher_round"
92-->src/main/AndroidManifest.xml:32:7-52
93        android:supportsRtl="true"
93-->[:peb-lib-android-x:] AndroidManifest.xml:20:9-35
94        android:theme="@style/AppTheme"
94-->src/main/AndroidManifest.xml:34:7-38
95        android:usesCleartextTraffic="true" >
95-->src/main/AndroidManifest.xml:27:7-42
96        <activity android:name="com.ahmedadeltito.photoeditor.PhotoEditorActivity" />
96-->src/main/AndroidManifest.xml:35:7-84
96-->src/main/AndroidManifest.xml:35:17-81
97        <activity
97-->src/main/AndroidManifest.xml:35:85-145
98            android:name="com.yalantis.ucrop.UCropActivity"
98-->src/main/AndroidManifest.xml:35:95-142
99            android:theme="@style/Theme.AppCompat.Light.NoActionBar" />
99-->[:react-native-image-crop-picker] AndroidManifest.xml:30:13-69
100        <activity
100-->src/main/AndroidManifest.xml:36:7-47:18
101            android:name="com.quarterpillars.MainActivity"
101-->src/main/AndroidManifest.xml:37:9-37
102            android:configChanges="keyboard|keyboardHidden|orientation|screenLayout|screenSize|smallestScreenSize|uiMode"
102-->src/main/AndroidManifest.xml:39:9-118
103            android:exported="true"
103-->src/main/AndroidManifest.xml:42:9-32
104            android:label="@string/app_name"
104-->src/main/AndroidManifest.xml:38:9-41
105            android:launchMode="singleTask"
105-->src/main/AndroidManifest.xml:40:9-40
106            android:windowSoftInputMode="adjustResize" >
106-->src/main/AndroidManifest.xml:41:9-51
107            <intent-filter>
107-->src/main/AndroidManifest.xml:43:9-46:25
108                <action android:name="android.intent.action.MAIN" />
108-->src/main/AndroidManifest.xml:44:13-65
108-->src/main/AndroidManifest.xml:44:21-62
109
110                <category android:name="android.intent.category.LAUNCHER" />
110-->src/main/AndroidManifest.xml:45:13-73
110-->src/main/AndroidManifest.xml:45:23-70
111            </intent-filter>
112        </activity>
113
114        <meta-data
114-->src/main/AndroidManifest.xml:49:9-51:57
115            android:name="preloaded_fonts"
115-->src/main/AndroidManifest.xml:50:13-43
116            android:resource="@array/preloaded_fonts" />
116-->src/main/AndroidManifest.xml:51:13-54
117
118        <activity
118-->[:peb-lib-android-x:] AndroidManifest.xml:21:9-26:20
119            android:name="com.easebuzz.payment.kit.PWEBankPageActivity"
119-->[:peb-lib-android-x:] AndroidManifest.xml:22:13-72
120            android:launchMode="singleTop"
120-->[:peb-lib-android-x:] AndroidManifest.xml:23:13-43
121            android:screenOrientation="portrait"
121-->[:peb-lib-android-x:] AndroidManifest.xml:24:13-49
122            android:theme="@style/PWENoABar" >
122-->[:peb-lib-android-x:] AndroidManifest.xml:25:13-45
123        </activity>
124        <activity
124-->[:peb-lib-android-x:] AndroidManifest.xml:27:9-33:60
125            android:name="com.easebuzz.payment.kit.PWECouponsActivity"
125-->[:peb-lib-android-x:] AndroidManifest.xml:28:13-71
126            android:label="Select Coupons"
126-->[:peb-lib-android-x:] AndroidManifest.xml:29:13-43
127            android:launchMode="singleTop"
127-->[:peb-lib-android-x:] AndroidManifest.xml:30:13-43
128            android:screenOrientation="portrait"
128-->[:peb-lib-android-x:] AndroidManifest.xml:31:13-49
129            android:theme="@style/PWENoABar"
129-->[:peb-lib-android-x:] AndroidManifest.xml:32:13-45
130            android:windowSoftInputMode="stateUnchanged" />
130-->[:peb-lib-android-x:] AndroidManifest.xml:33:13-57
131
132        <service
132-->[:peb-lib-android-x:] AndroidManifest.xml:35:9-38:44
133            android:name="com.easebuzz.payment.kit.PWETimerService"
133-->[:peb-lib-android-x:] AndroidManifest.xml:36:13-68
134            android:enabled="true"
134-->[:peb-lib-android-x:] AndroidManifest.xml:37:13-35
135            android:stopWithTask="false" />
135-->[:peb-lib-android-x:] AndroidManifest.xml:38:13-41
136        <service
136-->[:react-native-firebase_messaging] AndroidManifest.xml:14:9-16:40
137            android:name="io.invertase.firebase.messaging.ReactNativeFirebaseMessagingHeadlessService"
137-->[:react-native-firebase_messaging] AndroidManifest.xml:15:13-103
138            android:exported="false" />
138-->[:react-native-firebase_messaging] AndroidManifest.xml:16:13-37
139        <service
139-->[:react-native-firebase_messaging] AndroidManifest.xml:17:9-23:19
140            android:name="io.invertase.firebase.messaging.ReactNativeFirebaseMessagingService"
140-->[:react-native-firebase_messaging] AndroidManifest.xml:18:13-95
141            android:exported="false" >
141-->[:react-native-firebase_messaging] AndroidManifest.xml:19:13-37
142            <intent-filter>
142-->[:react-native-firebase_messaging] AndroidManifest.xml:20:13-22:29
143                <action android:name="com.google.firebase.MESSAGING_EVENT" />
143-->[:react-native-firebase_messaging] AndroidManifest.xml:21:17-78
143-->[:react-native-firebase_messaging] AndroidManifest.xml:21:25-75
144            </intent-filter>
145        </service>
146
147        <receiver
147-->[:react-native-firebase_messaging] AndroidManifest.xml:25:9-32:20
148            android:name="io.invertase.firebase.messaging.ReactNativeFirebaseMessagingReceiver"
148-->[:react-native-firebase_messaging] AndroidManifest.xml:26:13-96
149            android:exported="true"
149-->[:react-native-firebase_messaging] AndroidManifest.xml:27:13-36
150            android:permission="com.google.android.c2dm.permission.SEND" >
150-->[:react-native-firebase_messaging] AndroidManifest.xml:28:13-73
151            <intent-filter>
151-->[:react-native-firebase_messaging] AndroidManifest.xml:29:13-31:29
152                <action android:name="com.google.android.c2dm.intent.RECEIVE" />
152-->[:react-native-firebase_messaging] AndroidManifest.xml:30:17-81
152-->[:react-native-firebase_messaging] AndroidManifest.xml:30:25-78
153            </intent-filter>
154        </receiver>
155
156        <meta-data
156-->[:react-native-firebase_messaging] AndroidManifest.xml:34:9-36:36
157            android:name="firebase_messaging_auto_init_enabled"
157-->[:react-native-firebase_messaging] AndroidManifest.xml:35:13-64
158            android:value="true" />
158-->[:react-native-firebase_messaging] AndroidManifest.xml:36:13-33
159        <meta-data
159-->[:react-native-firebase_messaging] AndroidManifest.xml:37:9-39:32
160            android:name="com.google.firebase.messaging.default_notification_channel_id"
160-->[:react-native-firebase_messaging] AndroidManifest.xml:38:13-89
161            android:value="" />
161-->[:react-native-firebase_messaging] AndroidManifest.xml:39:13-29
162        <meta-data
162-->[:react-native-firebase_messaging] AndroidManifest.xml:40:9-42:47
163            android:name="com.google.firebase.messaging.default_notification_color"
163-->[:react-native-firebase_messaging] AndroidManifest.xml:41:13-84
164            android:resource="@color/white" />
164-->[:react-native-firebase_messaging] AndroidManifest.xml:42:13-44
165        <meta-data
165-->[:react-native-firebase_app] AndroidManifest.xml:11:9-13:36
166            android:name="app_data_collection_default_enabled"
166-->[:react-native-firebase_app] AndroidManifest.xml:12:13-63
167            android:value="true" />
167-->[:react-native-firebase_app] AndroidManifest.xml:13:13-33
168
169        <service
169-->[:react-native-firebase_app] AndroidManifest.xml:15:9-23:19
170            android:name="com.google.firebase.components.ComponentDiscoveryService"
170-->[:react-native-firebase_app] AndroidManifest.xml:16:13-84
171            android:directBootAware="true"
171-->[:react-native-firebase_app] AndroidManifest.xml:17:13-43
172            android:exported="false" >
172-->[:react-native-firebase_app] AndroidManifest.xml:18:13-37
173            <meta-data
173-->[:react-native-firebase_app] AndroidManifest.xml:20:13-22:85
174                android:name="com.google.firebase.components:io.invertase.firebase.app.ReactNativeFirebaseAppRegistrar"
174-->[:react-native-firebase_app] AndroidManifest.xml:21:17-120
175                android:value="com.google.firebase.components.ComponentRegistrar" />
175-->[:react-native-firebase_app] AndroidManifest.xml:22:17-82
176            <meta-data
176-->[com.google.firebase:firebase-messaging:23.1.0] AndroidManifest.xml:55:13-57:85
177                android:name="com.google.firebase.components:com.google.firebase.messaging.FirebaseMessagingRegistrar"
177-->[com.google.firebase:firebase-messaging:23.1.0] AndroidManifest.xml:56:17-119
178                android:value="com.google.firebase.components.ComponentRegistrar" />
178-->[com.google.firebase:firebase-messaging:23.1.0] AndroidManifest.xml:57:17-82
179            <meta-data
179-->[com.google.firebase:firebase-datatransport:18.1.7] AndroidManifest.xml:27:13-29:85
180                android:name="com.google.firebase.components:com.google.firebase.datatransport.TransportRegistrar"
180-->[com.google.firebase:firebase-datatransport:18.1.7] AndroidManifest.xml:28:17-115
181                android:value="com.google.firebase.components.ComponentRegistrar" />
181-->[com.google.firebase:firebase-datatransport:18.1.7] AndroidManifest.xml:29:17-82
182            <meta-data
182-->[com.google.firebase:firebase-dynamic-links:21.1.0] AndroidManifest.xml:26:13-28:85
183                android:name="com.google.firebase.components:com.google.firebase.dynamiclinks.internal.FirebaseDynamicLinkRegistrar"
183-->[com.google.firebase:firebase-dynamic-links:21.1.0] AndroidManifest.xml:27:17-133
184                android:value="com.google.firebase.components.ComponentRegistrar" />
184-->[com.google.firebase:firebase-dynamic-links:21.1.0] AndroidManifest.xml:28:17-82
185            <meta-data
185-->[com.google.firebase:firebase-iid:21.1.0] AndroidManifest.xml:32:13-34:85
186                android:name="com.google.firebase.components:com.google.firebase.iid.Registrar"
186-->[com.google.firebase:firebase-iid:21.1.0] AndroidManifest.xml:33:17-96
187                android:value="com.google.firebase.components.ComponentRegistrar" />
187-->[com.google.firebase:firebase-iid:21.1.0] AndroidManifest.xml:34:17-82
188            <meta-data
188-->[com.google.android.gms:play-services-measurement-api:21.2.0] AndroidManifest.xml:31:13-33:85
189                android:name="com.google.firebase.components:com.google.firebase.analytics.connector.internal.AnalyticsConnectorRegistrar"
189-->[com.google.android.gms:play-services-measurement-api:21.2.0] AndroidManifest.xml:32:17-139
190                android:value="com.google.firebase.components.ComponentRegistrar" />
190-->[com.google.android.gms:play-services-measurement-api:21.2.0] AndroidManifest.xml:33:17-82
191            <meta-data
191-->[com.google.firebase:firebase-installations:17.1.0] AndroidManifest.xml:17:13-19:85
192                android:name="com.google.firebase.components:com.google.firebase.installations.FirebaseInstallationsRegistrar"
192-->[com.google.firebase:firebase-installations:17.1.0] AndroidManifest.xml:18:17-127
193                android:value="com.google.firebase.components.ComponentRegistrar" />
193-->[com.google.firebase:firebase-installations:17.1.0] AndroidManifest.xml:19:17-82
194        </service>
195
196        <provider
196-->[:react-native-firebase_app] AndroidManifest.xml:25:9-29:38
197            android:name="io.invertase.firebase.app.ReactNativeFirebaseAppInitProvider"
197-->[:react-native-firebase_app] AndroidManifest.xml:26:13-88
198            android:authorities="com.quarterpillars.reactnativefirebaseappinitprovider"
198-->[:react-native-firebase_app] AndroidManifest.xml:27:13-86
199            android:exported="false"
199-->[:react-native-firebase_app] AndroidManifest.xml:28:13-37
200            android:initOrder="99" />
200-->[:react-native-firebase_app] AndroidManifest.xml:29:13-35
201
202        <activity
202-->[com.google.android.gms:play-services-auth:20.3.0] AndroidManifest.xml:23:9-27:75
203            android:name="com.google.android.gms.auth.api.signin.internal.SignInHubActivity"
203-->[com.google.android.gms:play-services-auth:20.3.0] AndroidManifest.xml:24:13-93
204            android:excludeFromRecents="true"
204-->[com.google.android.gms:play-services-auth:20.3.0] AndroidManifest.xml:25:13-46
205            android:exported="false"
205-->[com.google.android.gms:play-services-auth:20.3.0] AndroidManifest.xml:26:13-37
206            android:theme="@android:style/Theme.Translucent.NoTitleBar" />
206-->[com.google.android.gms:play-services-auth:20.3.0] AndroidManifest.xml:27:13-72
207        <!--
208            Service handling Google Sign-In user revocation. For apps that do not integrate with
209            Google Sign-In, this service will never be started.
210        -->
211        <service
211-->[com.google.android.gms:play-services-auth:20.3.0] AndroidManifest.xml:33:9-37:51
212            android:name="com.google.android.gms.auth.api.signin.RevocationBoundService"
212-->[com.google.android.gms:play-services-auth:20.3.0] AndroidManifest.xml:34:13-89
213            android:exported="true"
213-->[com.google.android.gms:play-services-auth:20.3.0] AndroidManifest.xml:35:13-36
214            android:permission="com.google.android.gms.auth.api.signin.permission.REVOCATION_NOTIFICATION"
214-->[com.google.android.gms:play-services-auth:20.3.0] AndroidManifest.xml:36:13-107
215            android:visibleToInstantApps="true" />
215-->[com.google.android.gms:play-services-auth:20.3.0] AndroidManifest.xml:37:13-48
216
217        <provider
217-->[:notifee_react-native] AndroidManifest.xml:10:9-14:40
218            android:name="io.invertase.notifee.NotifeeInitProvider"
218-->[:notifee_react-native] AndroidManifest.xml:11:13-68
219            android:authorities="com.quarterpillars.notifee-init-provider"
219-->[:notifee_react-native] AndroidManifest.xml:12:13-73
220            android:exported="false"
220-->[:notifee_react-native] AndroidManifest.xml:13:13-37
221            android:initOrder="-100" />
221-->[:notifee_react-native] AndroidManifest.xml:14:13-37
222        <provider
222-->[:react-native-image-crop-picker] AndroidManifest.xml:18:9-26:20
223            android:name="com.reactnative.ivpusic.imagepicker.IvpusicImagePickerFileProvider"
223-->[:react-native-image-crop-picker] AndroidManifest.xml:19:13-94
224            android:authorities="com.quarterpillars.provider"
224-->[:react-native-image-crop-picker] AndroidManifest.xml:20:13-60
225            android:exported="false"
225-->[:react-native-image-crop-picker] AndroidManifest.xml:21:13-37
226            android:grantUriPermissions="true" >
226-->[:react-native-image-crop-picker] AndroidManifest.xml:22:13-47
227            <meta-data
227-->[:react-native-image-crop-picker] AndroidManifest.xml:23:13-25:78
228                android:name="android.support.FILE_PROVIDER_PATHS"
228-->[:react-native-image-crop-picker] AndroidManifest.xml:24:17-67
229                android:resource="@xml/ivpusic_imagepicker_provider_paths" />
229-->[:react-native-image-crop-picker] AndroidManifest.xml:25:17-75
230        </provider>
231        <provider
231-->[:react-native-image-picker] AndroidManifest.xml:10:9-18:20
232            android:name="com.imagepicker.ImagePickerProvider"
232-->[:react-native-image-picker] AndroidManifest.xml:11:13-63
233            android:authorities="com.quarterpillars.imagepickerprovider"
233-->[:react-native-image-picker] AndroidManifest.xml:12:13-71
234            android:exported="false"
234-->[:react-native-image-picker] AndroidManifest.xml:13:13-37
235            android:grantUriPermissions="true" >
235-->[:react-native-image-picker] AndroidManifest.xml:14:13-47
236            <meta-data
236-->[:react-native-image-crop-picker] AndroidManifest.xml:23:13-25:78
237                android:name="android.support.FILE_PROVIDER_PATHS"
237-->[:react-native-image-crop-picker] AndroidManifest.xml:24:17-67
238                android:resource="@xml/imagepicker_provider_paths" />
238-->[:react-native-image-crop-picker] AndroidManifest.xml:25:17-75
239        </provider>
240        <provider
240-->[:rn-fetch-blob] AndroidManifest.xml:34:9-42:20
241            android:name="com.RNFetchBlob.Utils.FileProvider"
241-->[:rn-fetch-blob] AndroidManifest.xml:35:13-62
242            android:authorities="com.quarterpillars.provider"
242-->[:rn-fetch-blob] AndroidManifest.xml:36:13-60
243            android:exported="false"
243-->[:rn-fetch-blob] AndroidManifest.xml:37:13-37
244            android:grantUriPermissions="true" >
244-->[:rn-fetch-blob] AndroidManifest.xml:38:13-47
245            <meta-data
245-->[:react-native-image-crop-picker] AndroidManifest.xml:23:13-25:78
246                android:name="android.support.FILE_PROVIDER_PATHS"
246-->[:react-native-image-crop-picker] AndroidManifest.xml:24:17-67
247                android:resource="@xml/provider_paths" />
247-->[:react-native-image-crop-picker] AndroidManifest.xml:25:17-75
248        </provider>
249
250        <receiver
250-->[com.google.firebase:firebase-messaging:23.1.0] AndroidManifest.xml:31:9-38:20
251            android:name="com.google.firebase.iid.FirebaseInstanceIdReceiver"
251-->[com.google.firebase:firebase-messaging:23.1.0] AndroidManifest.xml:32:13-78
252            android:exported="true"
252-->[com.google.firebase:firebase-messaging:23.1.0] AndroidManifest.xml:33:13-36
253            android:permission="com.google.android.c2dm.permission.SEND" >
253-->[com.google.firebase:firebase-messaging:23.1.0] AndroidManifest.xml:34:13-73
254            <intent-filter>
254-->[:react-native-firebase_messaging] AndroidManifest.xml:29:13-31:29
255                <action android:name="com.google.android.c2dm.intent.RECEIVE" />
255-->[:react-native-firebase_messaging] AndroidManifest.xml:30:17-81
255-->[:react-native-firebase_messaging] AndroidManifest.xml:30:25-78
256            </intent-filter>
257        </receiver>
258        <!--